{
  "RSpec": {
    "coverage": {
      "/Users/WilBurke/Desktop/code/bloccit/config/environment.rb": [
        null,
        1,
        null,
        null,
        1
      ],
      "/Users/WilBurke/Desktop/code/bloccit/config/application.rb": [
        1,
        null,
        1,
        null,
        1,
        1,
        1,
        1,
        1,
        1,
        1,
        null,
        null,
        null,
        null,
        1,
        null,
        1,
        1,
        null,
        null,
        null,
        null,
        null,
        null,
        null,
        null,
        null,
        null,
        null,
        null,
        null,
        1,
        1,
        null,
        null,
        null
      ],
      "/Users/WilBurke/Desktop/code/bloccit/config/boot.rb": [
        1,
        null,
        1
      ],
      "/Users/WilBurke/Desktop/code/bloccit/config/environments/test.rb": [
        1,
        null,
        null,
        null,
        null,
        null,
        null,
        1,
        null,
        null,
        null,
        null,
        1,
        null,
        null,
        1,
        1,
        null,
        null,
        1,
        1,
        null,
        null,
        1,
        null,
        null,
        1,
        null,
        null,
        null,
        null,
        1,
        null,
        null,
        1,
        null,
        null,
        1,
        null,
        null,
        null,
        1,
        null,
        null
      ],
      "/Users/WilBurke/Desktop/code/bloccit/config/initializers/assets.rb": [
        null,
        null,
        null,
        1,
        null,
        null,
        null,
        null,
        null,
        null,
        null
      ],
      "/Users/WilBurke/Desktop/code/bloccit/config/initializers/backtrace_silencers.rb": [
        null,
        null,
        null,
        null,
        null,
        null,
        null
      ],
      "/Users/WilBurke/Desktop/code/bloccit/config/initializers/cookies_serializer.rb": [
        null,
        null,
        1
      ],
      "/Users/WilBurke/Desktop/code/bloccit/config/initializers/filter_parameter_logging.rb": [
        null,
        null,
        null,
        1
      ],
      "/Users/WilBurke/Desktop/code/bloccit/config/initializers/inflections.rb": [
        null,
        null,
        null,
        null,
        null,
        null,
        null,
        null,
        null,
        null,
        null,
        null,
        null,
        null,
        null,
        null
      ],
      "/Users/WilBurke/Desktop/code/bloccit/config/initializers/mime_types.rb": [
        null,
        null,
        null,
        null
      ],
      "/Users/WilBurke/Desktop/code/bloccit/config/initializers/session_store.rb": [
        null,
        null,
        1
      ],
      "/Users/WilBurke/Desktop/code/bloccit/config/initializers/setup_mail.rb": [
        1,
        0,
        0,
        null,
        null,
        null,
        null,
        null,
        null,
        null,
        null,
        null
      ],
      "/Users/WilBurke/Desktop/code/bloccit/config/initializers/wrap_parameters.rb": [
        null,
        null,
        null,
        null,
        null,
        null,
        1,
        1,
        null,
        null,
        null,
        null,
        null,
        null
      ],
      "/Users/WilBurke/Desktop/code/bloccit/lib/random_data.rb": [
        1,
        null,
        1,
        0,
        0,
        0,
        null,
        null,
        1,
        0,
        null,
        null,
        1,
        18,
        18,
        90,
        null,
        null,
        18,
        null,
        null,
        1,
        114,
        114,
        632,
        null,
        null,
        114,
        114,
        null,
        null,
        1,
        636,
        636,
        636,
        null,
        null,
        1,
        2,
        2,
        2,
        null,
        null,
        1,
        0,
        null,
        null
      ],
      "/Users/WilBurke/Desktop/code/bloccit/config/routes.rb": [
        1,
        null,
        1,
        null,
        null,
        1,
        null,
        1,
        null,
        1,
        null,
        1,
        null,
        1,
        null,
        1,
        1,
        null,
        null,
        1,
        1,
        1,
        null,
        1,
        1,
        null,
        null,
        1,
        1,
        1,
        1,
        1,
        null,
        1,
        null,
        null,
        null,
        null
      ],
      "/Users/WilBurke/Desktop/code/bloccit/app/helpers/application_helper.rb": [
        1,
        null,
        1,
        null,
        0,
        0,
        null,
        0,
        null,
        null,
        null,
        1,
        0,
        0,
        null,
        1,
        0,
        0,
        null,
        null,
        null,
        null
      ],
      "/Users/WilBurke/Desktop/code/bloccit/app/helpers/comments_helper.rb": [
        1,
        null,
        1,
        0,
        null,
        null,
        null,
        null
      ],
      "/Users/WilBurke/Desktop/code/bloccit/app/helpers/favorites_helper.rb": [
        1,
        null
      ],
      "/Users/WilBurke/Desktop/code/bloccit/app/helpers/labels_helper.rb": [
        1,
        null,
        1,
        3,
        null,
        null
      ],
      "/Users/WilBurke/Desktop/code/bloccit/app/helpers/posts_helper.rb": [
        1,
        null,
        1,
        0,
        null,
        null,
        null
      ],
      "/Users/WilBurke/Desktop/code/bloccit/app/helpers/sessions_helper.rb": [
        1,
        null,
        1,
        77,
        null,
        null,
        1,
        3,
        null,
        null,
        1,
        143,
        null,
        null,
        null
      ],
      "/Users/WilBurke/Desktop/code/bloccit/app/helpers/topics_helper.rb": [
        1,
        null,
        1,
        0,
        null,
        null,
        null,
        1,
        0,
        null,
        null,
        1,
        0,
        null,
        null,
        null
      ],
      "/Users/WilBurke/Desktop/code/bloccit/app/helpers/users_helper.rb": [
        1,
        null
      ],
      "/Users/WilBurke/Desktop/code/bloccit/app/helpers/votes_helper.rb": [
        1,
        null
      ],
      "/Users/WilBurke/Desktop/code/bloccit/app/helpers/welcome_helper.rb": [
        1,
        null
      ],
      "/Users/WilBurke/Desktop/code/bloccit/app/controllers/api/v1/base_controller.rb": [
        1,
        null,
        1,
        null,
        1,
        1,
        null,
        null,
        1,
        47,
        41,
        null,
        null,
        null,
        1,
        40,
        6,
        null,
        null,
        null,
        1,
        0,
        null,
        null,
        1,
        0,
        null,
        null
      ],
      "/Users/WilBurke/Desktop/code/bloccit/app/controllers/application_controller.rb": [
        1,
        null,
        null,
        1,
        1,
        null,
        null,
        null,
        1,
        1,
        0,
        0,
        0,
        null,
        null,
        null,
        1,
        null,
        1,
        72,
        16,
        null,
        16,
        null,
        null,
        null
      ],
      "/Users/WilBurke/Desktop/code/bloccit/app/controllers/api/v1/comments_controller.rb": [
        1,
        1,
        1,
        null,
        1,
        2,
        null,
        2,
        null,
        null,
        1,
        4,
        null,
        4,
        null,
        null,
        null
      ],
      "/Users/WilBurke/Desktop/code/bloccit/app/controllers/api/v1/posts_controller.rb": [
        1,
        1,
        1,
        null,
        null,
        1,
        2,
        null,
        2,
        null,
        null,
        1,
        4,
        null,
        4,
        null,
        null
      ],
      "/Users/WilBurke/Desktop/code/bloccit/app/controllers/api/v1/topics_controller.rb": [
        1,
        1,
        1,
        null,
        1,
        1,
        null,
        1,
        null,
        null,
        1,
        1,
        null,
        1,
        null,
        null,
        1,
        10,
        10,
        10,
        null,
        0,
        null,
        null,
        null,
        1,
        3,
        null,
        3,
        3,
        3,
        null,
        0,
        null,
        null,
        null,
        1,
        4,
        null,
        4,
        4,
        null,
        0,
        null,
        null,
        null,
        1,
        null,
        1,
        13,
        null,
        null,
        null
      ],
      "/Users/WilBurke/Desktop/code/bloccit/app/controllers/api/v1/users_controller.rb": [
        1,
        1,
        1,
        null,
        1,
        2,
        null,
        2,
        null,
        null,
        1,
        3,
        null,
        3,
        null,
        null,
        1,
        5,
        null,
        5,
        3,
        null,
        2,
        null,
        null,
        null,
        1,
        7,
        null,
        7,
        5,
        5,
        null,
        2,
        null,
        null,
        null,
        1,
        null,
        1,
        12,
        null,
        null
      ],
      "/Users/WilBurke/Desktop/code/bloccit/app/controllers/comments_controller.rb": [
        1,
        null,
        1,
        1,
        null,
        1,
        6,
        6,
        6,
        6,
        null,
        6,
        6,
        null,
        0,
        null,
        null,
        6,
        6,
        6,
        null,
        null,
        null,
        1,
        4,
        4,
        null,
        4,
        4,
        null,
        0,
        null,
        null,
        4,
        4,
        4,
        null,
        null,
        null,
        1,
        null,
        1,
        6,
        null,
        null,
        1,
        5,
        5,
        1,
        1,
        null,
        null,
        null
      ],
      "/Users/WilBurke/Desktop/code/bloccit/app/controllers/favorites_controller.rb": [
        1,
        1,
        null,
        1,
        2,
        2,
        null,
        2,
        2,
        null,
        0,
        null,
        null,
        2,
        null,
        null,
        1,
        1,
        1,
        null,
        1,
        1,
        null,
        0,
        null,
        1,
        null,
        null
      ],
      "/Users/WilBurke/Desktop/code/bloccit/app/controllers/labels_controller.rb": [
        1,
        1,
        4,
        null,
        null
      ],
      "/Users/WilBurke/Desktop/code/bloccit/app/controllers/posts_controller.rb": [
        1,
        null,
        1,
        1,
        1,
        null,
        null,
        1,
        6,
        null,
        null,
        1,
        4,
        4,
        null,
        null,
        1,
        3,
        null,
        null,
        1,
        2,
        2,
        null,
        2,
        2,
        2,
        2,
        null,
        0,
        0,
        null,
        null,
        null,
        1,
        3,
        3,
        3,
        3,
        null,
        3,
        3,
        3,
        3,
        null,
        null,
        0,
        0,
        null,
        null,
        null,
        1,
        2,
        null,
        2,
        2,
        2,
        null,
        0,
        0,
        null,
        null,
        null,
        1,
        null,
        1,
        5,
        null,
        null,
        1,
        2,
        2,
        0,
        0,
        null,
        null,
        null,
        1,
        5,
        5,
        0,
        0,
        null,
        null,
        null,
        null
      ],
      "/Users/WilBurke/Desktop/code/bloccit/app/controllers/sessions_controller.rb": [
        1,
        null,
        null,
        1,
        6,
        null,
        6,
        2,
        2,
        2,
        null,
        4,
        4,
        null,
        null,
        null,
        1,
        3,
        3,
        3,
        null,
        null,
        null
      ],
      "/Users/WilBurke/Desktop/code/bloccit/app/controllers/topics_controller.rb": [
        1,
        null,
        1,
        1,
        null,
        1,
        4,
        null,
        null,
        1,
        10,
        null,
        10,
        1,
        1,
        null,
        null,
        null,
        1,
        3,
        null,
        null,
        1,
        3,
        null,
        3,
        null,
        3,
        3,
        null,
        0,
        0,
        null,
        null,
        null,
        1,
        3,
        null,
        null,
        1,
        2,
        2,
        null,
        2,
        null,
        2,
        2,
        2,
        null,
        0,
        0,
        null,
        null,
        null,
        1,
        2,
        null,
        2,
        2,
        2,
        null,
        0,
        0,
        null,
        null,
        null,
        1,
        null,
        1,
        5,
        null,
        null,
        null,
        1,
        0,
        0,
        0,
        null,
        null,
        null,
        1,
        11,
        3,
        3,
        null,
        null,
        null,
        null
      ],
      "/Users/WilBurke/Desktop/code/bloccit/app/controllers/users_controller.rb": [
        1,
        null,
        null,
        1,
        2,
        null,
        null,
        1,
        10,
        null,
        10,
        10,
        10,
        10,
        null,
        0,
        0,
        null,
        null,
        null,
        1,
        0,
        null,
        null,
        1,
        3,
        3,
        null,
        1,
        null,
        1,
        10,
        null,
        null
      ],
      "/Users/WilBurke/Desktop/code/bloccit/app/controllers/votes_controller.rb": [
        1,
        null,
        1,
        null,
        1,
        6,
        6,
        6,
        6,
        null,
        null,
        null,
        1,
        6,
        6,
        6,
        6,
        null,
        null,
        null,
        1,
        null,
        1,
        12,
        12,
        null,
        12,
        2,
        null,
        10,
        null,
        null,
        null
      ],
      "/Users/WilBurke/Desktop/code/bloccit/app/controllers/welcome_controller.rb": [
        1,
        1,
        null,
        null,
        1,
        null,
        null,
        1,
        null,
        null,
        null
      ],
      "/Users/WilBurke/Desktop/code/bloccit/app/models/comment.rb": [
        null,
        null,
        null,
        null,
        null,
        null,
        null,
        null,
        null,
        null,
        null,
        null,
        1,
        1,
        1,
        null,
        1,
        null,
        1,
        1,
        null,
        null,
        85,
        null,
        1,
        null,
        1,
        17,
        17,
        null,
        null,
        null
      ],
      "/Users/WilBurke/Desktop/code/bloccit/app/models/favorite.rb": [
        null,
        null,
        null,
        null,
        null,
        null,
        null,
        null,
        null,
        null,
        null,
        1,
        1,
        1,
        null
      ],
      "/Users/WilBurke/Desktop/code/bloccit/app/models/label.rb": [
        null,
        null,
        null,
        null,
        null,
        null,
        null,
        null,
        null,
        null,
        1,
        1,
        null,
        1,
        null,
        1,
        null,
        1,
        11,
        null,
        1,
        1,
        null,
        null,
        null,
        null
      ],
      "/Users/WilBurke/Desktop/code/bloccit/app/models/labeling.rb": [
        null,
        null,
        null,
        null,
        null,
        null,
        null,
        null,
        null,
        null,
        null,
        null,
        1,
        1,
        1,
        null
      ],
      "/Users/WilBurke/Desktop/code/bloccit/app/models/post.rb": [
        null,
        null,
        null,
        null,
        null,
        null,
        null,
        null,
        null,
        null,
        null,
        null,
        null,
        null,
        1,
        1,
        1,
        null,
        1,
        1,
        1,
        1,
        1,
        null,
        265,
        null,
        4,
        null,
        null,
        1,
        1,
        1,
        1,
        null,
        1,
        80,
        80,
        null,
        null,
        1,
        1,
        null,
        null,
        1,
        1,
        null,
        null,
        1,
        131,
        null,
        null,
        1,
        125,
        125,
        125,
        null,
        null,
        1,
        null,
        1,
        80,
        null,
        null,
        1,
        80,
        null,
        null,
        null
      ],
      "/Users/WilBurke/Desktop/code/bloccit/app/models/topic.rb": [
        null,
        null,
        null,
        null,
        null,
        null,
        null,
        null,
        null,
        null,
        null,
        null,
        1,
        1,
        null,
        1,
        1,
        null,
        1,
        1,
        null,
        8,
        null,
        null,
        null
      ],
      "/Users/WilBurke/Desktop/code/bloccit/app/models/user.rb": [
        null,
        null,
        null,
        null,
        null,
        null,
        null,
        null,
        null,
        null,
        null,
        null,
        null,
        null,
        1,
        1,
        1,
        1,
        1,
        null,
        1,
        null,
        226,
        250,
        null,
        null,
        1,
        1,
        null,
        1,
        1,
        1,
        1,
        null,
        null,
        1,
        null,
        null,
        null,
        null,
        null,
        null,
        1,
        null,
        1,
        1,
        1,
        null,
        null,
        null,
        1,
        0,
        null,
        null,
        1,
        null,
        null,
        1,
        193,
        193,
        193,
        null,
        null,
        null,
        1,
        0,
        0,
        0,
        0,
        null,
        0,
        null,
        null,
        null
      ],
      "/Users/WilBurke/Desktop/code/bloccit/app/models/vote.rb": [
        null,
        null,
        null,
        null,
        null,
        null,
        null,
        null,
        null,
        null,
        null,
        null,
        1,
        1,
        1,
        null,
        1,
        null,
        1,
        null,
        1,
        null,
        1,
        124,
        null,
        null,
        null
      ],
      "/Users/WilBurke/Desktop/code/bloccit/app/mailers/mailman.rb": [
        1,
        1,
        null,
        1,
        17,
        17,
        17,
        null,
        17,
        17,
        17,
        null,
        17,
        null,
        null,
        1,
        0,
        0,
        0,
        null,
        0,
        null,
        0,
        null,
        null,
        null
      ],
      "/Users/WilBurke/Desktop/code/bloccit/app/mailers/application_mailer.rb": [
        1,
        1,
        1,
        null
      ]
    },
    "timestamp": 1469143990
  }
}
